<?xml version="1.0" encoding="UTF-8" standalone="no"?>
<window xmlns="http://schemas.haulmont.com/cuba/screen/window.xsd"
        caption="msg://editorCaption"
        focusComponent="form"
        messagesPack="com.company.courses.web.screens.test">
    <data>
        <instance id="testDc"
                  class="com.company.courses.entity.Test"
                  view="test-with-course-and-questionList">
            <loader/>
            <collection id="questionListDc" property="questionList"/>
        </instance>
    </data>
    <dialogMode height="600"
                width="800"/>
    <layout expand="editActions" spacing="true">
        <form id="form" dataContainer="testDc">
            <column width="250px">
                <textField id="titleField" property="title"/>
                <pickerField id="courseField" property="course">
                    <actions>
                        <action id="lookup" type="picker_lookup"/>
                        <action id="clear" type="picker_clear"/>
                    </actions>
                </pickerField>
            </column>
        </form>
        <groupBox id="questionListBox" caption="msg://com.company.courses.entity/Test.questionList">
            <table id="questionListTable" dataContainer="questionListDc" width="100%" height="200px">
                <actions>
                    <action id="create" type="create"/>
                    <action id="edit" type="edit"/>
                    <action id="remove" type="remove"/>
                </actions>
                <columns>
                </columns>
                <buttonsPanel>
                    <button action="questionListTable.create"/>
                    <button action="questionListTable.edit"/>
                    <button action="questionListTable.remove"/>
                </buttonsPanel>
            </table>
        </groupBox>
        <hbox id="editActions" spacing="true">
            <button action="windowCommitAndClose"/>
            <button action="windowClose"/>
        </hbox>
    </layout>
</window>
